[debug] [2023-10-22T08:57:52.319Z] ----------------------------------------------------------------------
[debug] [2023-10-22T08:57:52.325Z] Command:       C:\Program Files\nodejs\node.exe C:\Users\81808\AppData\Roaming\npm\node_modules\firebase-tools\lib\bin\firebase.js init
[debug] [2023-10-22T08:57:52.325Z] CLI Version:   12.7.0
[debug] [2023-10-22T08:57:52.326Z] Platform:      win32
[debug] [2023-10-22T08:57:52.326Z] Node Version:  v18.18.2
[debug] [2023-10-22T08:57:52.328Z] Time:          Sun Oct 22 2023 17:57:52 GMT+0900 (日本標準時)
[debug] [2023-10-22T08:57:52.328Z] ----------------------------------------------------------------------
[debug] 
[debug] [2023-10-22T08:57:52.342Z] > command requires scopes: ["email","openid","https://www.googleapis.com/auth/cloudplatformprojects.readonly","https://www.googleapis.com/auth/firebase","https://www.googleapis.com/auth/cloud-platform"]
[debug] [2023-10-22T08:57:52.343Z] > authorizing via signed-in user (littlemykarin0311@gmail.com)
[info] 
     ######## #### ########  ######## ########     ###     ######  ########
     ##        ##  ##     ## ##       ##     ##  ##   ##  ##       ##
     ######    ##  ########  ######   ########  #########  ######  ######
     ##        ##  ##    ##  ##       ##     ## ##     ##       ## ##
     ##       #### ##     ## ######## ########  ##     ##  ######  ########

You're about to initialize a Firebase project in this directory:

  C:\Users\81808\pokemon-app

[info] 
=== Project Setup
[info] 
[info] First, let's associate this project directory with a Firebase project.
[info] You can create multiple project aliases by running firebase use --add, 
[info] but for now we'll just set up a default project.
[info] 
[debug] [2023-10-22T09:02:48.164Z] >>> [apiv2][query] GET https://firebase.googleapis.com/v1beta1/projects pageSize=100
[debug] [2023-10-22T09:02:49.034Z] <<< [apiv2][status] GET https://firebase.googleapis.com/v1beta1/projects 200
[debug] [2023-10-22T09:02:49.034Z] <<< [apiv2][body] GET https://firebase.googleapis.com/v1beta1/projects [omitted]
[info] i  Using project pokemon-app-4e4e4 (pokemon-app) 
[info] 
=== Hosting Setup
[info] 
[info] Your public directory is the folder (relative to your project directory) that
[info] will contain Hosting assets to be uploaded with firebase deploy. If you
[info] have a build process for your assets, use your build's output directory.
[info] 
[debug] [2023-10-22T09:05:58.427Z] Error: Path contains invalid characters: C:\Users\81808\pokemon-app\(public) => build
    at checkPath (C:\Users\81808\AppData\Roaming\npm\node_modules\firebase-tools\node_modules\fs-extra\lib\mkdirs\utils.js:16:21)
    at module.exports.makeDirSync (C:\Users\81808\AppData\Roaming\npm\node_modules\firebase-tools\node_modules\fs-extra\lib\mkdirs\make-dir.js:21:3)
    at Object.createFileSync (C:\Users\81808\AppData\Roaming\npm\node_modules\firebase-tools\node_modules\fs-extra\lib\ensure\file.js:59:45)
    at Config.writeProjectFile (C:\Users\81808\AppData\Roaming\npm\node_modules\firebase-tools\lib\config.js:152:12)
    at C:\Users\81808\AppData\Roaming\npm\node_modules\firebase-tools\lib\config.js:176:22
    at process.processTicksAndRejections (node:internal/process/task_queues:95:5)
    at async doSetup (C:\Users\81808\AppData\Roaming\npm\node_modules\firebase-tools\lib\init\features\hosting\index.js:141:13)
    at async init (C:\Users\81808\AppData\Roaming\npm\node_modules\firebase-tools\lib\init\index.js:41:9)
[error] 
[error] Error: An unexpected error has occurred.
[debug] [2023-10-22T09:06:12.006Z] ----------------------------------------------------------------------
[debug] [2023-10-22T09:06:12.008Z] Command:       C:\Program Files\nodejs\node.exe C:\Users\81808\AppData\Roaming\npm\node_modules\firebase-tools\lib\bin\firebase.js init
[debug] [2023-10-22T09:06:12.008Z] CLI Version:   12.7.0
[debug] [2023-10-22T09:06:12.009Z] Platform:      win32
[debug] [2023-10-22T09:06:12.009Z] Node Version:  v18.18.2
[debug] [2023-10-22T09:06:12.010Z] Time:          Sun Oct 22 2023 18:06:12 GMT+0900 (日本標準時)
[debug] [2023-10-22T09:06:12.010Z] ----------------------------------------------------------------------
[debug] 
[debug] [2023-10-22T09:06:12.016Z] > command requires scopes: ["email","openid","https://www.googleapis.com/auth/cloudplatformprojects.readonly","https://www.googleapis.com/auth/firebase","https://www.googleapis.com/auth/cloud-platform"]
[debug] [2023-10-22T09:06:12.016Z] > authorizing via signed-in user (littlemykarin0311@gmail.com)
[info] 
     ######## #### ########  ######## ########     ###     ######  ########
     ##        ##  ##     ## ##       ##     ##  ##   ##  ##       ##
     ######    ##  ########  ######   ########  #########  ######  ######
     ##        ##  ##    ##  ##       ##     ## ##     ##       ## ##
     ##       #### ##     ## ######## ########  ##     ##  ######  ########

You're about to initialize a Firebase project in this directory:

  C:\Users\81808\pokemon-app

[info] 
=== Project Setup
[info] 
[info] First, let's associate this project directory with a Firebase project.
[info] You can create multiple project aliases by running firebase use --add, 
[info] but for now we'll just set up a default project.
[info] 
[debug] [2023-10-22T09:06:24.355Z] >>> [apiv2][query] GET https://firebase.googleapis.com/v1beta1/projects pageSize=100
[debug] [2023-10-22T09:06:25.508Z] <<< [apiv2][status] GET https://firebase.googleapis.com/v1beta1/projects 200
[debug] [2023-10-22T09:06:25.508Z] <<< [apiv2][body] GET https://firebase.googleapis.com/v1beta1/projects [omitted]
[info] i  Using project pokemon-app-4e4e4 (pokemon-app) 
[info] 
=== Hosting Setup
[info] 
[info] Your public directory is the folder (relative to your project directory) that
[info] will contain Hosting assets to be uploaded with firebase deploy. If you
[info] have a build process for your assets, use your build's output directory.
[info] 
[debug] [2023-10-22T09:06:53.960Z] Error: Path contains invalid characters: C:\Users\81808\pokemon-app\(public) => build
    at checkPath (C:\Users\81808\AppData\Roaming\npm\node_modules\firebase-tools\node_modules\fs-extra\lib\mkdirs\utils.js:16:21)
    at module.exports.makeDirSync (C:\Users\81808\AppData\Roaming\npm\node_modules\firebase-tools\node_modules\fs-extra\lib\mkdirs\make-dir.js:21:3)
    at Object.createFileSync (C:\Users\81808\AppData\Roaming\npm\node_modules\firebase-tools\node_modules\fs-extra\lib\ensure\file.js:59:45)
    at Config.writeProjectFile (C:\Users\81808\AppData\Roaming\npm\node_modules\firebase-tools\lib\config.js:152:12)
    at C:\Users\81808\AppData\Roaming\npm\node_modules\firebase-tools\lib\config.js:176:22
    at process.processTicksAndRejections (node:internal/process/task_queues:95:5)
    at async doSetup (C:\Users\81808\AppData\Roaming\npm\node_modules\firebase-tools\lib\init\features\hosting\index.js:141:13)
    at async init (C:\Users\81808\AppData\Roaming\npm\node_modules\firebase-tools\lib\init\index.js:41:9)
[error] 
[error] Error: An unexpected error has occurred.
